<?xml version="1.0" encoding="UTF-8"?>
<!-- Generated by org.testng.reporters.JUnitReportReporter -->
<testsuite hostname="DESKTOP-K1R7T5H" failures="0" tests="3" name="tr_technologies.Tests.SubmitOrderTest" time="33.730" errors="0" timestamp="2025-01-21T20:47:08 IST" skipped="0">
  <testcase classname="tr_technologies.Tests.SubmitOrderTest" name="OrderHistoryTest" time="17.821"/>
  <system-out/>
  <testcase classname="tr_technologies.Tests.SubmitOrderTest" name="submitOrder" time="9.050"/>
  <system-out/>
  <testcase classname="tr_technologies.Tests.SubmitOrderTest" name="submitOrder" time="6.859"/>
  <system-out/>
</testsuite> <!-- tr_technologies.Tests.SubmitOrderTest -->
