<?xml version="1.0" encoding="UTF-8"?>
<!-- Generated by org.testng.reporters.JUnitReportReporter -->
<testsuite hostname="DESKTOP-K1R7T5H" failures="0" tests="1" name="cucumber.TestNGTestRunner" time="5.802" errors="0" timestamp="2025-01-25T11:05:23 IST" skipped="0">
  <testcase classname="cucumber.TestNGTestRunner" name="runScenario" time="5.802"/>
  <system-out/>
</testsuite> <!-- cucumber.TestNGTestRunner -->
