<?xml version="1.0" encoding="UTF-8"?>
<!-- Generated by org.testng.reporters.JUnitReportReporter -->
<testsuite hostname="DESKTOP-K1R7T5H" failures="0" tests="3" name="tr_technologies.Tests.SubmitOrderTest" time="15.641" errors="0" timestamp="2025-01-25T11:24:04 IST" skipped="0">
  <testcase classname="tr_technologies.Tests.SubmitOrderTest" name="submitOrder" time="8.232"/>
  <testcase classname="tr_technologies.Tests.SubmitOrderTest" name="submitOrder" time="4.615"/>
  <testcase classname="tr_technologies.Tests.SubmitOrderTest" name="OrderHistoryTest" time="2.794"/>
</testsuite> <!-- tr_technologies.Tests.SubmitOrderTest -->
