<?xml version="1.0" encoding="UTF-8"?>
<!-- Generated by org.testng.reporters.JUnitReportReporter -->
<testsuite hostname="DESKTOP-K1R7T5H" failures="0" tests="2" name="tr_technologies.Tests.ErrorValidationsTest" time="9.825" errors="0" timestamp="2025-01-25T11:24:04 IST" skipped="0">
  <testcase classname="tr_technologies.Tests.ErrorValidationsTest" name="LoginErrorValidation" time="4.249"/>
  <testcase classname="tr_technologies.Tests.ErrorValidationsTest" name="ProductErrorValidation" time="5.576"/>
</testsuite> <!-- tr_technologies.Tests.ErrorValidationsTest -->
